<?xml version="1.0" encoding="UTF-8"?>
<testsuite name="MainTest" tests="16" skipped="0" failures="0" errors="0" timestamp="2022-11-17T02:42:41" hostname="nikithas-mbp.wifi.local.cmu.edu" time="1.942">
  <properties/>
  <testcase name="testGetEventsforDateFail()" classname="MainTest" time="1.291"/>
  <testcase name="testGetEventsforDatePass()" classname="MainTest" time="0.043"/>
  <testcase name="testCurrentDayFail()" classname="MainTest" time="0.007"/>
  <testcase name="testCurrentDayPass()" classname="MainTest" time="0.401"/>
  <testcase name="testCurrentMonthFail()" classname="MainTest" time="0.009"/>
  <testcase name="testCurrentMonthPass()" classname="MainTest" time="0.016"/>
  <testcase name="testPutEventFail()" classname="MainTest" time="0.029"/>
  <testcase name="testPutEventPass()" classname="MainTest" time="0.02"/>
  <testcase name="testCurrentDateFail()" classname="MainTest" time="0.011"/>
  <testcase name="testCurrentDatePass()" classname="MainTest" time="0.024"/>
  <testcase name="testCurrentYearFail()" classname="MainTest" time="0.009"/>
  <testcase name="testCurrentYearPass()" classname="MainTest" time="0.016"/>
  <testcase name="testDeleteEventPass()" classname="MainTest" time="0.022"/>
  <testcase name="testDeleteEVentFail()" classname="MainTest" time="0.008"/>
  <testcase name="testPostEventFail()" classname="MainTest" time="0.012"/>
  <testcase name="testPostEventPass()" classname="MainTest" time="0.016"/>
  <system-out><![CDATA[]]></system-out>
  <system-err><![CDATA[SLF4J: Failed to load class "org.slf4j.impl.StaticLoggerBinder".
SLF4J: Defaulting to no-operation (NOP) logger implementation
SLF4J: See http://www.slf4j.org/codes.html#StaticLoggerBinder for further details.
]]></system-err>
</testsuite>
